

///////////////////////////////////////////////
Working on object /subfolder/Chrysanthemum1330037657.jpg...
Successfully added meta data to /subfolder/Chrysanthemum1330037657.jpg

///////////////////////////////////////////////
Working on object /subfolderChrysanthemum1330037677.jpg...
Successfully added meta data to /subfolderChrysanthemum1330037677.jpg

///////////////////////////////////////////////
Working on object 1000playeragent801/ufcsweeps_export.zip...

///////////////////////////////////////////////
Working on object /subfolder/Chrysanthemum1330037657.jpg...
Successfully added meta data to /subfolder/Chrysanthemum1330037657.jpg

///////////////////////////////////////////////
Working on object /subfolderChrysanthemum1330037677.jpg...
Successfully added meta data to /subfolderChrysanthemum1330037677.jpg

///////////////////////////////////////////////
Working on object 1000playeragent801/ufcsweeps_export.zip...

///////////////////////////////////////////////
Working on object /subfolder/Chrysanthemum1330037657.jpg...
Successfully added meta data to /subfolder/Chrysanthemum1330037657.jpg

///////////////////////////////////////////////
Working on object /subfolderChrysanthemum1330037677.jpg...
Successfully added meta data to /subfolderChrysanthemum1330037677.jpg

///////////////////////////////////////////////
Working on object 1000playeragent801/ufcsweeps_export.zip...